ERROR:root:Error occured[Errno 13] Permission denied: 'Unchecked_ELIZABETH_16-06-2022.csv'
ERROR:root:Error occured[Errno 13] Permission denied: 'Unchecked_ELIZABETH_16-06-2022.csv'
ERROR:root:Error occured[Errno 13] Permission denied: 'Unchecked_ELIZABETH_16-06-2022.csv'
ERROR:root:Error occured[Errno 13] Permission denied: 'Unchecked_ELIZABETH_16-06-2022.csv'
ERROR:root:Error occurediteration over a 0-d array
ERROR:root:Error occurediteration over a 0-d array
ERROR:root:Error occurediteration over a 0-d array
ERROR:root:Error occurediteration over a 0-d array
ERROR:root:Error occurediteration over a 0-d array
ERROR:root:Error occured[Errno 13] Permission denied: 'Unchecked_ELIZABETH_01-07-2022.csv'
ERROR:root:Error occured[Errno 13] Permission denied: 'Unchecked_DMITRY_08-07-2022.csv'
ERROR:root:Error occured[Errno 13] Permission denied: 'Unchecked_DMITRY_19-07-2022.csv'
ERROR:root:Error occurediteration over a 0-d array
ERROR:root:Error occured[Errno 13] Permission denied: 'Unchecked_DMITRY_27-07-2022.csv'
ERROR:root:Error occured[Errno 13] Permission denied: 'Unchecked_DMITRY_27-07-2022.csv'
ERROR:root:Error occured[Errno 13] Permission denied: 'Unchecked_DMITRY_27-07-2022.csv'
ERROR:root:Error occured[Errno 13] Permission denied: 'Unchecked_DMITRY_27-07-2022.csv'
ERROR:root:Error occured[Errno 13] Permission denied: 'Unchecked_DMITRY_29-07-2022.csv'
ERROR:root:Error occured[Errno 13] Permission denied: 'Unchecked_SENTINEL_08-08-2022.csv'
ERROR:root:Error occured[Errno 13] Permission denied: 'Unchecked_DMITRY_11-08-2022.csv'
ERROR:root:Error occured[Errno 13] Permission denied: 'Unchecked_DMITRY_11-08-2022.csv'
ERROR:root:Error occured[Errno 13] Permission denied: 'Unchecked_DMITRY_11-08-2022.csv'
ERROR:root:Error occured[Errno 13] Permission denied: 'Unchecked_DMITRY_11-08-2022.csv'
ERROR:root:Error occurediteration over a 0-d array
ERROR:root:Error occured[Errno 13] Permission denied: 'Unchecked_DMITRY_15-09-2022.csv'
ERROR:root:Error occured[Errno 13] Permission denied: 'Unchecked_DMITRY_21-09-2022.csv'
ERROR:root:Error occured[Errno 13] Permission denied: 'Unchecked_DMITRY_21-09-2022.csv'
ERROR:root:Error occured[Errno 13] Permission denied: 'Unchecked_DMITRY_21-09-2022.csv'
ERROR:root:Error occured[Errno 13] Permission denied: 'Unchecked_DMITRY_21-09-2022.csv'
ERROR:root:Error occured[Errno 13] Permission denied: 'Unchecked_DMITRY_23-09-2022.csv'
ERROR:root:Error occured[Errno 13] Permission denied: 'Unchecked_DMITRY_23-09-2022.csv'
ERROR:root:Error occured[Errno 13] Permission denied: 'Unchecked_DMITRY_28-09-2022.csv'
ERROR:root:Error occured[Errno 13] Permission denied: 'Unchecked_DMITRY_28-09-2022.csv'
ERROR:root:Error occured[Errno 13] Permission denied: 'Unchecked_DMITRY_28-09-2022.csv'
ERROR:root:Error occured[Errno 13] Permission denied: 'Unchecked_DMITRY_28-09-2022.csv'
ERROR:root:Error occured[Errno 13] Permission denied: 'Unchecked_DMITRY_28-09-2022.csv'
ERROR:root:Error occured[Errno 13] Permission denied: 'Unchecked_DMITRY_28-09-2022.csv'
2022-11-18 12:24:24,995 - Error occurediteration over a 0-d array
2022-12-07 17:32:16,413 - Error occured[Errno 13] Permission denied: 'Unchecked_DMITRY_07-12-2022.csv'
2022-12-14 16:51:34,237 - Error occured[Errno 13] Permission denied: 'Unchecked_DMITRY_14-12-2022.csv'
2022-12-14 16:51:35,598 - Error occured[Errno 13] Permission denied: 'Unchecked_DMITRY_14-12-2022.csv'
2022-12-14 16:51:36,960 - Error occured[Errno 13] Permission denied: 'Unchecked_DMITRY_14-12-2022.csv'
2022-12-14 16:52:42,795 - Error occured[Errno 13] Permission denied: 'Unchecked_DMITRY_14-12-2022.csv'
2022-12-14 16:58:35,055 - Error occured[Errno 13] Permission denied: 'Unchecked_DMITRY_14-12-2022.csv'
2022-12-14 16:58:36,451 - Error occured[Errno 13] Permission denied: 'Unchecked_DMITRY_14-12-2022.csv'
2022-12-14 16:58:37,807 - Error occured[Errno 13] Permission denied: 'Unchecked_DMITRY_14-12-2022.csv'
2022-12-14 17:00:06,065 - Error occured[Errno 13] Permission denied: 'Unchecked_DMITRY_14-12-2022.csv'
2023-01-13 09:26:14,929 - Error occured[Errno 13] Permission denied: 'Unchecked_SENTINEL_13-01-2023.csv'
2023-01-13 09:29:23,337 - Error occured[Errno 13] Permission denied: 'Unchecked_SENTINEL_13-01-2023.csv'
2023-01-13 15:37:08,115 - Error occurediteration over a 0-d array
2023-01-18 11:14:01,675 - Error occurediteration over a 0-d array
2023-02-03 11:37:35,611 - Error occurediteration over a 0-d array
2023-03-06 11:10:40,372 - Error occurediteration over a 0-d array
2023-03-29 16:18:17,795 - Error occured[Errno 13] Permission denied: 'Unchecked_DMITRY_29-03-2023.csv'
2023-03-29 16:20:29,513 - Error occured[Errno 13] Permission denied: 'Unchecked_DMITRY_29-03-2023.csv'
2023-03-29 16:20:30,391 - Error occured[Errno 13] Permission denied: 'Unchecked_DMITRY_29-03-2023.csv'
2023-03-29 16:55:54,662 - Error occuredmodule 'trade_writer' has no attribute 'NON_BROKER_FILENAME'
2023-03-29 16:55:54,666 - Error occuredmodule 'trade_writer' has no attribute 'BROKER_FILENAME'
2023-03-29 16:57:12,493 - Error occuredmodule 'trade_writer' has no attribute 'NON_BROKER_FILENAME'
2023-03-29 16:57:12,497 - Error occuredmodule 'trade_writer' has no attribute 'BROKER_FILENAME'
2023-03-29 18:37:30,897 - Error occuredmodule 'trade_writer' has no attribute 'NON_BROKER_FILENAME'
2023-03-29 18:37:30,913 - Error occuredmodule 'trade_writer' has no attribute 'BROKER_FILENAME'
2023-03-29 18:38:34,753 - Error occuredmodule 'trade_writer' has no attribute 'NON_BROKER_FILENAME'
2023-03-29 18:38:34,771 - Error occuredmodule 'trade_writer' has no attribute 'BROKER_FILENAME'
2023-03-29 18:44:01,214 - Error occuredmodule 'trade_writer' has no attribute 'NON_BROKER_FILENAME'
2023-03-29 18:44:01,231 - Error occuredmodule 'trade_writer' has no attribute 'BROKER_FILENAME'
2023-03-29 18:46:37,910 - Error occuredmodule 'trade_writer' has no attribute 'NON_BROKER_FILENAME'
2023-03-29 18:46:37,957 - Error occuredmodule 'trade_writer' has no attribute 'BROKER_FILENAME'
2023-03-29 18:54:01,674 - Error occuredmodule 'trade_writer' has no attribute 'NON_BROKER_FILENAME'
2023-03-29 18:54:01,690 - Error occuredmodule 'trade_writer' has no attribute 'BROKER_FILENAME'
2023-03-29 18:55:12,671 - Error occuredmodule 'trade_writer' has no attribute 'NON_BROKER_FILENAME'
2023-03-29 18:55:12,687 - Error occuredmodule 'trade_writer' has no attribute 'BROKER_FILENAME'
2023-03-29 18:56:54,666 - Error occuredmodule 'trade_writer' has no attribute 'NON_BROKER_FILENAME'
2023-03-29 18:56:54,682 - Error occuredmodule 'trade_writer' has no attribute 'BROKER_FILENAME'
2023-03-29 18:59:31,778 - Error occuredmodule 'trade_writer' has no attribute 'NON_BROKER_FILENAME'
2023-03-29 18:59:31,795 - Error occuredmodule 'trade_writer' has no attribute 'BROKER_FILENAME'
2023-03-29 19:00:14,211 - Error occuredmodule 'trade_writer' has no attribute 'NON_BROKER_FILENAME'
2023-03-29 19:00:14,228 - Error occuredmodule 'trade_writer' has no attribute 'BROKER_FILENAME'
2023-03-29 19:04:49,467 - Error occuredmodule 'trade_writer' has no attribute 'NON_BROKER_FILENAME'
2023-03-29 19:04:49,484 - Error occuredmodule 'trade_writer' has no attribute 'BROKER_FILENAME'
2023-03-29 19:09:56,317 - Error occuredmodule 'trade_writer' has no attribute 'NON_BROKER_FILENAME'
2023-03-29 19:09:56,333 - Error occuredmodule 'trade_writer' has no attribute 'BROKER_FILENAME'
2023-03-29 19:11:10,829 - Error occuredmodule 'trade_writer' has no attribute 'NON_BROKER_FILENAME'
2023-03-29 19:11:10,845 - Error occuredmodule 'trade_writer' has no attribute 'BROKER_FILENAME'
2023-04-21 11:43:48,949 - Error occured'Series' object has no attribute 'lower'
2023-04-21 11:45:02,483 - Error occured'Series' object has no attribute 'lower'
2023-04-21 11:55:00,999 - Error occured[Errno 13] Permission denied: 'X:/Fund Management/Dealing and Rebalancing\\Rebalancing 20230421_TRAIL_DONOTPLACE\\Unchecked_DMITRY_20230421.csv'
